{"level":"debug","message":"Executing (default): SELECT 1+1 AS result","service":"shoe-store-api","timestamp":"2025-11-03 04:02:28"}
{"level":"debug","message":"Executing (default): SELECT TABLE_NAME, TABLE_SCHEMA FROM INFORMATION_SCHEMA.TABLES WHERE TABLE_TYPE = 'BASE TABLE' AND TABLE_NAME = N'Users' AND TABLE_SCHEMA = N'dbo'","service":"shoe-store-api","timestamp":"2025-11-03 04:02:28"}
{"level":"debug","message":"Executing (default): EXEC sys.sp_helpindex @objname = N'[Users]';","service":"shoe-store-api","timestamp":"2025-11-03 04:02:28"}
{"level":"debug","message":"Executing (default): SELECT TABLE_NAME, TABLE_SCHEMA FROM INFORMATION_SCHEMA.TABLES WHERE TABLE_TYPE = 'BASE TABLE' AND TABLE_NAME = N'Categories' AND TABLE_SCHEMA = N'dbo'","service":"shoe-store-api","timestamp":"2025-11-03 04:02:29"}
{"level":"debug","message":"Executing (default): EXEC sys.sp_helpindex @objname = N'[Categories]';","service":"shoe-store-api","timestamp":"2025-11-03 04:02:29"}
{"level":"debug","message":"Executing (default): SELECT TABLE_NAME, TABLE_SCHEMA FROM INFORMATION_SCHEMA.TABLES WHERE TABLE_TYPE = 'BASE TABLE' AND TABLE_NAME = N'Brands' AND TABLE_SCHEMA = N'dbo'","service":"shoe-store-api","timestamp":"2025-11-03 04:02:29"}
{"level":"debug","message":"Executing (default): EXEC sys.sp_helpindex @objname = N'[Brands]';","service":"shoe-store-api","timestamp":"2025-11-03 04:02:29"}
{"level":"debug","message":"Executing (default): SELECT TABLE_NAME, TABLE_SCHEMA FROM INFORMATION_SCHEMA.TABLES WHERE TABLE_TYPE = 'BASE TABLE' AND TABLE_NAME = N'Products' AND TABLE_SCHEMA = N'dbo'","service":"shoe-store-api","timestamp":"2025-11-03 04:02:29"}
{"level":"debug","message":"Executing (default): EXEC sys.sp_helpindex @objname = N'[Products]';","service":"shoe-store-api","timestamp":"2025-11-03 04:02:29"}
{"level":"debug","message":"Executing (default): SELECT TABLE_NAME, TABLE_SCHEMA FROM INFORMATION_SCHEMA.TABLES WHERE TABLE_TYPE = 'BASE TABLE' AND TABLE_NAME = N'ProductVariants' AND TABLE_SCHEMA = N'dbo'","service":"shoe-store-api","timestamp":"2025-11-03 04:02:29"}
{"level":"debug","message":"Executing (default): EXEC sys.sp_helpindex @objname = N'[ProductVariants]';","service":"shoe-store-api","timestamp":"2025-11-03 04:02:29"}
{"level":"debug","message":"Executing (default): CREATE UNIQUE INDEX [product_variants_product_id_size_color] ON [ProductVariants] ([product_id], [size], [color])","service":"shoe-store-api","timestamp":"2025-11-03 04:02:29"}
{"level":"debug","message":"Executing (default): SELECT TABLE_NAME, TABLE_SCHEMA FROM INFORMATION_SCHEMA.TABLES WHERE TABLE_TYPE = 'BASE TABLE' AND TABLE_NAME = N'ProductImages' AND TABLE_SCHEMA = N'dbo'","service":"shoe-store-api","timestamp":"2025-11-03 04:02:29"}
{"level":"debug","message":"Executing (default): EXEC sys.sp_helpindex @objname = N'[ProductImages]';","service":"shoe-store-api","timestamp":"2025-11-03 04:02:29"}
{"level":"debug","message":"Executing (default): SELECT TABLE_NAME, TABLE_SCHEMA FROM INFORMATION_SCHEMA.TABLES WHERE TABLE_TYPE = 'BASE TABLE' AND TABLE_NAME = N'Carts' AND TABLE_SCHEMA = N'dbo'","service":"shoe-store-api","timestamp":"2025-11-03 04:02:29"}
{"level":"debug","message":"Executing (default): EXEC sys.sp_helpindex @objname = N'[Carts]';","service":"shoe-store-api","timestamp":"2025-11-03 04:02:29"}
{"level":"debug","message":"Executing (default): SELECT TABLE_NAME, TABLE_SCHEMA FROM INFORMATION_SCHEMA.TABLES WHERE TABLE_TYPE = 'BASE TABLE' AND TABLE_NAME = N'CartItems' AND TABLE_SCHEMA = N'dbo'","service":"shoe-store-api","timestamp":"2025-11-03 04:02:29"}
{"level":"debug","message":"Executing (default): EXEC sys.sp_helpindex @objname = N'[CartItems]';","service":"shoe-store-api","timestamp":"2025-11-03 04:02:29"}
{"level":"debug","message":"Executing (default): CREATE UNIQUE INDEX [cart_items_cart_id_variant_id] ON [CartItems] ([cart_id], [variant_id])","service":"shoe-store-api","timestamp":"2025-11-03 04:02:29"}
{"level":"debug","message":"Executing (default): SELECT TABLE_NAME, TABLE_SCHEMA FROM INFORMATION_SCHEMA.TABLES WHERE TABLE_TYPE = 'BASE TABLE' AND TABLE_NAME = N'Orders' AND TABLE_SCHEMA = N'dbo'","service":"shoe-store-api","timestamp":"2025-11-03 04:02:29"}
{"level":"debug","message":"Executing (default): EXEC sys.sp_helpindex @objname = N'[Orders]';","service":"shoe-store-api","timestamp":"2025-11-03 04:02:29"}
{"level":"debug","message":"Executing (default): SELECT TABLE_NAME, TABLE_SCHEMA FROM INFORMATION_SCHEMA.TABLES WHERE TABLE_TYPE = 'BASE TABLE' AND TABLE_NAME = N'OrderItems' AND TABLE_SCHEMA = N'dbo'","service":"shoe-store-api","timestamp":"2025-11-03 04:02:29"}
{"level":"debug","message":"Executing (default): EXEC sys.sp_helpindex @objname = N'[OrderItems]';","service":"shoe-store-api","timestamp":"2025-11-03 04:02:29"}
{"level":"debug","message":"Executing (default): SELECT TABLE_NAME, TABLE_SCHEMA FROM INFORMATION_SCHEMA.TABLES WHERE TABLE_TYPE = 'BASE TABLE' AND TABLE_NAME = N'Reviews' AND TABLE_SCHEMA = N'dbo'","service":"shoe-store-api","timestamp":"2025-11-03 04:02:29"}
{"level":"debug","message":"Executing (default): IF OBJECT_ID('[Reviews]', 'U') IS NULL CREATE TABLE [Reviews] ([review_id] INTEGER IDENTITY(1,1) , [user_id] INTEGER NOT NULL, [product_id] INTEGER NOT NULL, [order_id] INTEGER NULL, [rating] INTEGER NOT NULL, [comment] NVARCHAR(MAX) NULL, [status] VARCHAR(255) CHECK ([status] IN(N'pending', N'approved', N'rejected')), [created_at] DATETIMEOFFSET NOT NULL, [updated_at] DATETIMEOFFSET NOT NULL, PRIMARY KEY ([review_id]), FOREIGN KEY ([user_id]) REFERENCES [Users] ([user_id]) ON DELETE CASCADE, FOREIGN KEY ([product_id]) REFERENCES [Products] ([product_id]) ON DELETE CASCADE, FOREIGN KEY ([order_id]) REFERENCES [Orders] ([order_id]) ON DELETE NO ACTION);","service":"shoe-store-api","timestamp":"2025-11-03 04:02:29"}
{"level":"debug","message":"Executing (default): EXEC sys.sp_helpindex @objname = N'[Reviews]';","service":"shoe-store-api","timestamp":"2025-11-03 04:02:29"}
{"level":"debug","message":"Executing (default): SELECT TABLE_NAME, TABLE_SCHEMA FROM INFORMATION_SCHEMA.TABLES WHERE TABLE_TYPE = 'BASE TABLE' AND TABLE_NAME = N'ChatSessions' AND TABLE_SCHEMA = N'dbo'","service":"shoe-store-api","timestamp":"2025-11-03 04:02:29"}
{"level":"debug","message":"Executing (default): EXEC sys.sp_helpindex @objname = N'[ChatSessions]';","service":"shoe-store-api","timestamp":"2025-11-03 04:02:29"}
{"level":"debug","message":"Executing (default): SELECT TABLE_NAME, TABLE_SCHEMA FROM INFORMATION_SCHEMA.TABLES WHERE TABLE_TYPE = 'BASE TABLE' AND TABLE_NAME = N'ChatMessages' AND TABLE_SCHEMA = N'dbo'","service":"shoe-store-api","timestamp":"2025-11-03 04:02:29"}
{"level":"debug","message":"Executing (default): EXEC sys.sp_helpindex @objname = N'[ChatMessages]';","service":"shoe-store-api","timestamp":"2025-11-03 04:02:30"}
{"level":"debug","message":"Executing (default): SELECT 1+1 AS result","service":"shoe-store-api","timestamp":"2025-11-03 04:08:20"}
{"level":"debug","message":"Executing (default): SELECT TABLE_NAME, TABLE_SCHEMA FROM INFORMATION_SCHEMA.TABLES WHERE TABLE_TYPE = 'BASE TABLE' AND TABLE_NAME = N'Users' AND TABLE_SCHEMA = N'dbo'","service":"shoe-store-api","timestamp":"2025-11-03 04:08:20"}
{"level":"debug","message":"Executing (default): EXEC sys.sp_helpindex @objname = N'[Users]';","service":"shoe-store-api","timestamp":"2025-11-03 04:08:20"}
{"level":"debug","message":"Executing (default): SELECT TABLE_NAME, TABLE_SCHEMA FROM INFORMATION_SCHEMA.TABLES WHERE TABLE_TYPE = 'BASE TABLE' AND TABLE_NAME = N'Categories' AND TABLE_SCHEMA = N'dbo'","service":"shoe-store-api","timestamp":"2025-11-03 04:08:20"}
{"level":"debug","message":"Executing (default): EXEC sys.sp_helpindex @objname = N'[Categories]';","service":"shoe-store-api","timestamp":"2025-11-03 04:08:20"}
{"level":"debug","message":"Executing (default): SELECT TABLE_NAME, TABLE_SCHEMA FROM INFORMATION_SCHEMA.TABLES WHERE TABLE_TYPE = 'BASE TABLE' AND TABLE_NAME = N'Brands' AND TABLE_SCHEMA = N'dbo'","service":"shoe-store-api","timestamp":"2025-11-03 04:08:20"}
{"level":"debug","message":"Executing (default): EXEC sys.sp_helpindex @objname = N'[Brands]';","service":"shoe-store-api","timestamp":"2025-11-03 04:08:21"}
{"level":"debug","message":"Executing (default): SELECT TABLE_NAME, TABLE_SCHEMA FROM INFORMATION_SCHEMA.TABLES WHERE TABLE_TYPE = 'BASE TABLE' AND TABLE_NAME = N'Products' AND TABLE_SCHEMA = N'dbo'","service":"shoe-store-api","timestamp":"2025-11-03 04:08:21"}
{"level":"debug","message":"Executing (default): EXEC sys.sp_helpindex @objname = N'[Products]';","service":"shoe-store-api","timestamp":"2025-11-03 04:08:21"}
{"level":"debug","message":"Executing (default): SELECT TABLE_NAME, TABLE_SCHEMA FROM INFORMATION_SCHEMA.TABLES WHERE TABLE_TYPE = 'BASE TABLE' AND TABLE_NAME = N'ProductVariants' AND TABLE_SCHEMA = N'dbo'","service":"shoe-store-api","timestamp":"2025-11-03 04:08:21"}
{"level":"debug","message":"Executing (default): EXEC sys.sp_helpindex @objname = N'[ProductVariants]';","service":"shoe-store-api","timestamp":"2025-11-03 04:08:21"}
{"level":"debug","message":"Executing (default): SELECT TABLE_NAME, TABLE_SCHEMA FROM INFORMATION_SCHEMA.TABLES WHERE TABLE_TYPE = 'BASE TABLE' AND TABLE_NAME = N'ProductImages' AND TABLE_SCHEMA = N'dbo'","service":"shoe-store-api","timestamp":"2025-11-03 04:08:21"}
{"level":"debug","message":"Executing (default): EXEC sys.sp_helpindex @objname = N'[ProductImages]';","service":"shoe-store-api","timestamp":"2025-11-03 04:08:21"}
{"level":"debug","message":"Executing (default): SELECT TABLE_NAME, TABLE_SCHEMA FROM INFORMATION_SCHEMA.TABLES WHERE TABLE_TYPE = 'BASE TABLE' AND TABLE_NAME = N'Carts' AND TABLE_SCHEMA = N'dbo'","service":"shoe-store-api","timestamp":"2025-11-03 04:08:21"}
{"level":"debug","message":"Executing (default): EXEC sys.sp_helpindex @objname = N'[Carts]';","service":"shoe-store-api","timestamp":"2025-11-03 04:08:21"}
{"level":"debug","message":"Executing (default): SELECT TABLE_NAME, TABLE_SCHEMA FROM INFORMATION_SCHEMA.TABLES WHERE TABLE_TYPE = 'BASE TABLE' AND TABLE_NAME = N'CartItems' AND TABLE_SCHEMA = N'dbo'","service":"shoe-store-api","timestamp":"2025-11-03 04:08:21"}
{"level":"debug","message":"Executing (default): EXEC sys.sp_helpindex @objname = N'[CartItems]';","service":"shoe-store-api","timestamp":"2025-11-03 04:08:21"}
{"level":"debug","message":"Executing (default): SELECT TABLE_NAME, TABLE_SCHEMA FROM INFORMATION_SCHEMA.TABLES WHERE TABLE_TYPE = 'BASE TABLE' AND TABLE_NAME = N'Orders' AND TABLE_SCHEMA = N'dbo'","service":"shoe-store-api","timestamp":"2025-11-03 04:08:21"}
{"level":"debug","message":"Executing (default): EXEC sys.sp_helpindex @objname = N'[Orders]';","service":"shoe-store-api","timestamp":"2025-11-03 04:08:21"}
{"level":"debug","message":"Executing (default): SELECT TABLE_NAME, TABLE_SCHEMA FROM INFORMATION_SCHEMA.TABLES WHERE TABLE_TYPE = 'BASE TABLE' AND TABLE_NAME = N'OrderItems' AND TABLE_SCHEMA = N'dbo'","service":"shoe-store-api","timestamp":"2025-11-03 04:08:21"}
{"level":"debug","message":"Executing (default): EXEC sys.sp_helpindex @objname = N'[OrderItems]';","service":"shoe-store-api","timestamp":"2025-11-03 04:08:21"}
{"level":"debug","message":"Executing (default): SELECT TABLE_NAME, TABLE_SCHEMA FROM INFORMATION_SCHEMA.TABLES WHERE TABLE_TYPE = 'BASE TABLE' AND TABLE_NAME = N'Reviews' AND TABLE_SCHEMA = N'dbo'","service":"shoe-store-api","timestamp":"2025-11-03 04:08:21"}
{"level":"debug","message":"Executing (default): EXEC sys.sp_helpindex @objname = N'[Reviews]';","service":"shoe-store-api","timestamp":"2025-11-03 04:08:21"}
{"level":"debug","message":"Executing (default): SELECT TABLE_NAME, TABLE_SCHEMA FROM INFORMATION_SCHEMA.TABLES WHERE TABLE_TYPE = 'BASE TABLE' AND TABLE_NAME = N'ChatSessions' AND TABLE_SCHEMA = N'dbo'","service":"shoe-store-api","timestamp":"2025-11-03 04:08:21"}
{"level":"debug","message":"Executing (default): EXEC sys.sp_helpindex @objname = N'[ChatSessions]';","service":"shoe-store-api","timestamp":"2025-11-03 04:08:21"}
{"level":"debug","message":"Executing (default): SELECT TABLE_NAME, TABLE_SCHEMA FROM INFORMATION_SCHEMA.TABLES WHERE TABLE_TYPE = 'BASE TABLE' AND TABLE_NAME = N'ChatMessages' AND TABLE_SCHEMA = N'dbo'","service":"shoe-store-api","timestamp":"2025-11-03 04:08:21"}
{"level":"debug","message":"Executing (default): EXEC sys.sp_helpindex @objname = N'[ChatMessages]';","service":"shoe-store-api","timestamp":"2025-11-03 04:08:21"}
{"level":"debug","message":"Executing (default): SELECT 1+1 AS result","service":"shoe-store-api","timestamp":"2025-12-30 21:46:21"}
{"level":"debug","message":"Executing (default): SELECT TABLE_NAME, TABLE_SCHEMA FROM INFORMATION_SCHEMA.TABLES WHERE TABLE_TYPE = 'BASE TABLE' AND TABLE_NAME = N'Users' AND TABLE_SCHEMA = N'dbo'","service":"shoe-store-api","timestamp":"2025-12-30 21:46:21"}
{"level":"debug","message":"Executing (default): EXEC sys.sp_helpindex @objname = N'[Users]';","service":"shoe-store-api","timestamp":"2025-12-30 21:46:21"}
{"level":"debug","message":"Executing (default): SELECT TABLE_NAME, TABLE_SCHEMA FROM INFORMATION_SCHEMA.TABLES WHERE TABLE_TYPE = 'BASE TABLE' AND TABLE_NAME = N'Categories' AND TABLE_SCHEMA = N'dbo'","service":"shoe-store-api","timestamp":"2025-12-30 21:46:21"}
{"level":"debug","message":"Executing (default): EXEC sys.sp_helpindex @objname = N'[Categories]';","service":"shoe-store-api","timestamp":"2025-12-30 21:46:21"}
{"level":"debug","message":"Executing (default): SELECT TABLE_NAME, TABLE_SCHEMA FROM INFORMATION_SCHEMA.TABLES WHERE TABLE_TYPE = 'BASE TABLE' AND TABLE_NAME = N'Brands' AND TABLE_SCHEMA = N'dbo'","service":"shoe-store-api","timestamp":"2025-12-30 21:46:21"}
{"level":"debug","message":"Executing (default): EXEC sys.sp_helpindex @objname = N'[Brands]';","service":"shoe-store-api","timestamp":"2025-12-30 21:46:21"}
{"level":"debug","message":"Executing (default): SELECT TABLE_NAME, TABLE_SCHEMA FROM INFORMATION_SCHEMA.TABLES WHERE TABLE_TYPE = 'BASE TABLE' AND TABLE_NAME = N'Products' AND TABLE_SCHEMA = N'dbo'","service":"shoe-store-api","timestamp":"2025-12-30 21:46:22"}
{"level":"debug","message":"Executing (default): EXEC sys.sp_helpindex @objname = N'[Products]';","service":"shoe-store-api","timestamp":"2025-12-30 21:46:22"}
{"level":"debug","message":"Executing (default): SELECT TABLE_NAME, TABLE_SCHEMA FROM INFORMATION_SCHEMA.TABLES WHERE TABLE_TYPE = 'BASE TABLE' AND TABLE_NAME = N'ProductVariants' AND TABLE_SCHEMA = N'dbo'","service":"shoe-store-api","timestamp":"2025-12-30 21:46:22"}
{"level":"debug","message":"Executing (default): EXEC sys.sp_helpindex @objname = N'[ProductVariants]';","service":"shoe-store-api","timestamp":"2025-12-30 21:46:22"}
{"level":"debug","message":"Executing (default): CREATE UNIQUE INDEX [product_variants_product_id_size_color] ON [ProductVariants] ([product_id], [size], [color])","service":"shoe-store-api","timestamp":"2025-12-30 21:46:22"}
{"level":"debug","message":"Executing (default): SELECT TABLE_NAME, TABLE_SCHEMA FROM INFORMATION_SCHEMA.TABLES WHERE TABLE_TYPE = 'BASE TABLE' AND TABLE_NAME = N'ProductImages' AND TABLE_SCHEMA = N'dbo'","service":"shoe-store-api","timestamp":"2025-12-30 21:46:22"}
{"level":"debug","message":"Executing (default): EXEC sys.sp_helpindex @objname = N'[ProductImages]';","service":"shoe-store-api","timestamp":"2025-12-30 21:46:22"}
{"level":"debug","message":"Executing (default): SELECT TABLE_NAME, TABLE_SCHEMA FROM INFORMATION_SCHEMA.TABLES WHERE TABLE_TYPE = 'BASE TABLE' AND TABLE_NAME = N'Carts' AND TABLE_SCHEMA = N'dbo'","service":"shoe-store-api","timestamp":"2025-12-30 21:46:22"}
{"level":"debug","message":"Executing (default): EXEC sys.sp_helpindex @objname = N'[Carts]';","service":"shoe-store-api","timestamp":"2025-12-30 21:46:22"}
{"level":"debug","message":"Executing (default): SELECT TABLE_NAME, TABLE_SCHEMA FROM INFORMATION_SCHEMA.TABLES WHERE TABLE_TYPE = 'BASE TABLE' AND TABLE_NAME = N'CartItems' AND TABLE_SCHEMA = N'dbo'","service":"shoe-store-api","timestamp":"2025-12-30 21:46:22"}
{"level":"debug","message":"Executing (default): EXEC sys.sp_helpindex @objname = N'[CartItems]';","service":"shoe-store-api","timestamp":"2025-12-30 21:46:22"}
{"level":"debug","message":"Executing (default): CREATE UNIQUE INDEX [cart_items_cart_id_variant_id] ON [CartItems] ([cart_id], [variant_id])","service":"shoe-store-api","timestamp":"2025-12-30 21:46:22"}
{"level":"debug","message":"Executing (default): SELECT TABLE_NAME, TABLE_SCHEMA FROM INFORMATION_SCHEMA.TABLES WHERE TABLE_TYPE = 'BASE TABLE' AND TABLE_NAME = N'Orders' AND TABLE_SCHEMA = N'dbo'","service":"shoe-store-api","timestamp":"2025-12-30 21:46:22"}
{"level":"debug","message":"Executing (default): EXEC sys.sp_helpindex @objname = N'[Orders]';","service":"shoe-store-api","timestamp":"2025-12-30 21:46:22"}
{"level":"debug","message":"Executing (default): SELECT TABLE_NAME, TABLE_SCHEMA FROM INFORMATION_SCHEMA.TABLES WHERE TABLE_TYPE = 'BASE TABLE' AND TABLE_NAME = N'OrderItems' AND TABLE_SCHEMA = N'dbo'","service":"shoe-store-api","timestamp":"2025-12-30 21:46:22"}
{"level":"debug","message":"Executing (default): EXEC sys.sp_helpindex @objname = N'[OrderItems]';","service":"shoe-store-api","timestamp":"2025-12-30 21:46:22"}
{"level":"debug","message":"Executing (default): SELECT TABLE_NAME, TABLE_SCHEMA FROM INFORMATION_SCHEMA.TABLES WHERE TABLE_TYPE = 'BASE TABLE' AND TABLE_NAME = N'Reviews' AND TABLE_SCHEMA = N'dbo'","service":"shoe-store-api","timestamp":"2025-12-30 21:46:22"}
{"level":"debug","message":"Executing (default): EXEC sys.sp_helpindex @objname = N'[Reviews]';","service":"shoe-store-api","timestamp":"2025-12-30 21:46:22"}
{"level":"debug","message":"Executing (default): SELECT TABLE_NAME, TABLE_SCHEMA FROM INFORMATION_SCHEMA.TABLES WHERE TABLE_TYPE = 'BASE TABLE' AND TABLE_NAME = N'ChatSessions' AND TABLE_SCHEMA = N'dbo'","service":"shoe-store-api","timestamp":"2025-12-30 21:46:22"}
{"level":"debug","message":"Executing (default): EXEC sys.sp_helpindex @objname = N'[ChatSessions]';","service":"shoe-store-api","timestamp":"2025-12-30 21:46:22"}
{"level":"debug","message":"Executing (default): SELECT TABLE_NAME, TABLE_SCHEMA FROM INFORMATION_SCHEMA.TABLES WHERE TABLE_TYPE = 'BASE TABLE' AND TABLE_NAME = N'ChatMessages' AND TABLE_SCHEMA = N'dbo'","service":"shoe-store-api","timestamp":"2025-12-30 21:46:22"}
{"level":"debug","message":"Executing (default): EXEC sys.sp_helpindex @objname = N'[ChatMessages]';","service":"shoe-store-api","timestamp":"2025-12-30 21:46:22"}
{"level":"debug","message":"Executing (default): SELECT 1+1 AS result","service":"shoe-store-api","timestamp":"2025-12-30 21:55:56"}
{"level":"debug","message":"Executing (default): SELECT TABLE_NAME, TABLE_SCHEMA FROM INFORMATION_SCHEMA.TABLES WHERE TABLE_TYPE = 'BASE TABLE' AND TABLE_NAME = N'Users' AND TABLE_SCHEMA = N'dbo'","service":"shoe-store-api","timestamp":"2025-12-30 21:55:56"}
{"level":"debug","message":"Executing (default): EXEC sys.sp_helpindex @objname = N'[Users]';","service":"shoe-store-api","timestamp":"2025-12-30 21:55:56"}
{"level":"debug","message":"Executing (default): SELECT TABLE_NAME, TABLE_SCHEMA FROM INFORMATION_SCHEMA.TABLES WHERE TABLE_TYPE = 'BASE TABLE' AND TABLE_NAME = N'Categories' AND TABLE_SCHEMA = N'dbo'","service":"shoe-store-api","timestamp":"2025-12-30 21:55:56"}
{"level":"debug","message":"Executing (default): EXEC sys.sp_helpindex @objname = N'[Categories]';","service":"shoe-store-api","timestamp":"2025-12-30 21:55:56"}
{"level":"debug","message":"Executing (default): SELECT TABLE_NAME, TABLE_SCHEMA FROM INFORMATION_SCHEMA.TABLES WHERE TABLE_TYPE = 'BASE TABLE' AND TABLE_NAME = N'Brands' AND TABLE_SCHEMA = N'dbo'","service":"shoe-store-api","timestamp":"2025-12-30 21:55:56"}
{"level":"debug","message":"Executing (default): EXEC sys.sp_helpindex @objname = N'[Brands]';","service":"shoe-store-api","timestamp":"2025-12-30 21:55:56"}
{"level":"debug","message":"Executing (default): SELECT TABLE_NAME, TABLE_SCHEMA FROM INFORMATION_SCHEMA.TABLES WHERE TABLE_TYPE = 'BASE TABLE' AND TABLE_NAME = N'Products' AND TABLE_SCHEMA = N'dbo'","service":"shoe-store-api","timestamp":"2025-12-30 21:55:56"}
{"level":"debug","message":"Executing (default): EXEC sys.sp_helpindex @objname = N'[Products]';","service":"shoe-store-api","timestamp":"2025-12-30 21:55:56"}
{"level":"debug","message":"Executing (default): SELECT TABLE_NAME, TABLE_SCHEMA FROM INFORMATION_SCHEMA.TABLES WHERE TABLE_TYPE = 'BASE TABLE' AND TABLE_NAME = N'ProductVariants' AND TABLE_SCHEMA = N'dbo'","service":"shoe-store-api","timestamp":"2025-12-30 21:55:56"}
{"level":"debug","message":"Executing (default): EXEC sys.sp_helpindex @objname = N'[ProductVariants]';","service":"shoe-store-api","timestamp":"2025-12-30 21:55:57"}
{"level":"debug","message":"Executing (default): SELECT TABLE_NAME, TABLE_SCHEMA FROM INFORMATION_SCHEMA.TABLES WHERE TABLE_TYPE = 'BASE TABLE' AND TABLE_NAME = N'ProductImages' AND TABLE_SCHEMA = N'dbo'","service":"shoe-store-api","timestamp":"2025-12-30 21:55:57"}
{"level":"debug","message":"Executing (default): EXEC sys.sp_helpindex @objname = N'[ProductImages]';","service":"shoe-store-api","timestamp":"2025-12-30 21:55:57"}
{"level":"debug","message":"Executing (default): SELECT TABLE_NAME, TABLE_SCHEMA FROM INFORMATION_SCHEMA.TABLES WHERE TABLE_TYPE = 'BASE TABLE' AND TABLE_NAME = N'Carts' AND TABLE_SCHEMA = N'dbo'","service":"shoe-store-api","timestamp":"2025-12-30 21:55:57"}
{"level":"debug","message":"Executing (default): EXEC sys.sp_helpindex @objname = N'[Carts]';","service":"shoe-store-api","timestamp":"2025-12-30 21:55:57"}
{"level":"debug","message":"Executing (default): SELECT TABLE_NAME, TABLE_SCHEMA FROM INFORMATION_SCHEMA.TABLES WHERE TABLE_TYPE = 'BASE TABLE' AND TABLE_NAME = N'CartItems' AND TABLE_SCHEMA = N'dbo'","service":"shoe-store-api","timestamp":"2025-12-30 21:55:57"}
{"level":"debug","message":"Executing (default): EXEC sys.sp_helpindex @objname = N'[CartItems]';","service":"shoe-store-api","timestamp":"2025-12-30 21:55:57"}
{"level":"debug","message":"Executing (default): SELECT TABLE_NAME, TABLE_SCHEMA FROM INFORMATION_SCHEMA.TABLES WHERE TABLE_TYPE = 'BASE TABLE' AND TABLE_NAME = N'Orders' AND TABLE_SCHEMA = N'dbo'","service":"shoe-store-api","timestamp":"2025-12-30 21:55:57"}
{"level":"debug","message":"Executing (default): EXEC sys.sp_helpindex @objname = N'[Orders]';","service":"shoe-store-api","timestamp":"2025-12-30 21:55:57"}
{"level":"debug","message":"Executing (default): SELECT TABLE_NAME, TABLE_SCHEMA FROM INFORMATION_SCHEMA.TABLES WHERE TABLE_TYPE = 'BASE TABLE' AND TABLE_NAME = N'OrderItems' AND TABLE_SCHEMA = N'dbo'","service":"shoe-store-api","timestamp":"2025-12-30 21:55:57"}
{"level":"debug","message":"Executing (default): EXEC sys.sp_helpindex @objname = N'[OrderItems]';","service":"shoe-store-api","timestamp":"2025-12-30 21:55:57"}
{"level":"debug","message":"Executing (default): SELECT TABLE_NAME, TABLE_SCHEMA FROM INFORMATION_SCHEMA.TABLES WHERE TABLE_TYPE = 'BASE TABLE' AND TABLE_NAME = N'Reviews' AND TABLE_SCHEMA = N'dbo'","service":"shoe-store-api","timestamp":"2025-12-30 21:55:57"}
{"level":"debug","message":"Executing (default): EXEC sys.sp_helpindex @objname = N'[Reviews]';","service":"shoe-store-api","timestamp":"2025-12-30 21:55:57"}
{"level":"debug","message":"Executing (default): SELECT TABLE_NAME, TABLE_SCHEMA FROM INFORMATION_SCHEMA.TABLES WHERE TABLE_TYPE = 'BASE TABLE' AND TABLE_NAME = N'ChatSessions' AND TABLE_SCHEMA = N'dbo'","service":"shoe-store-api","timestamp":"2025-12-30 21:55:57"}
{"level":"debug","message":"Executing (default): EXEC sys.sp_helpindex @objname = N'[ChatSessions]';","service":"shoe-store-api","timestamp":"2025-12-30 21:55:57"}
{"level":"debug","message":"Executing (default): SELECT TABLE_NAME, TABLE_SCHEMA FROM INFORMATION_SCHEMA.TABLES WHERE TABLE_TYPE = 'BASE TABLE' AND TABLE_NAME = N'ChatMessages' AND TABLE_SCHEMA = N'dbo'","service":"shoe-store-api","timestamp":"2025-12-30 21:55:57"}
{"level":"debug","message":"Executing (default): EXEC sys.sp_helpindex @objname = N'[ChatMessages]';","service":"shoe-store-api","timestamp":"2025-12-30 21:55:57"}
{"level":"debug","message":"Executing (default): SELECT 1+1 AS result","service":"shoe-store-api","timestamp":"2025-12-30 22:07:28"}
{"level":"debug","message":"Executing (default): SELECT TABLE_NAME, TABLE_SCHEMA FROM INFORMATION_SCHEMA.TABLES WHERE TABLE_TYPE = 'BASE TABLE' AND TABLE_NAME = N'Users' AND TABLE_SCHEMA = N'dbo'","service":"shoe-store-api","timestamp":"2025-12-30 22:07:28"}
{"level":"debug","message":"Executing (default): EXEC sys.sp_helpindex @objname = N'[Users]';","service":"shoe-store-api","timestamp":"2025-12-30 22:07:28"}
{"level":"debug","message":"Executing (default): SELECT TABLE_NAME, TABLE_SCHEMA FROM INFORMATION_SCHEMA.TABLES WHERE TABLE_TYPE = 'BASE TABLE' AND TABLE_NAME = N'Categories' AND TABLE_SCHEMA = N'dbo'","service":"shoe-store-api","timestamp":"2025-12-30 22:07:28"}
{"level":"debug","message":"Executing (default): EXEC sys.sp_helpindex @objname = N'[Categories]';","service":"shoe-store-api","timestamp":"2025-12-30 22:07:28"}
{"level":"debug","message":"Executing (default): SELECT TABLE_NAME, TABLE_SCHEMA FROM INFORMATION_SCHEMA.TABLES WHERE TABLE_TYPE = 'BASE TABLE' AND TABLE_NAME = N'Brands' AND TABLE_SCHEMA = N'dbo'","service":"shoe-store-api","timestamp":"2025-12-30 22:07:28"}
{"level":"debug","message":"Executing (default): EXEC sys.sp_helpindex @objname = N'[Brands]';","service":"shoe-store-api","timestamp":"2025-12-30 22:07:28"}
{"level":"debug","message":"Executing (default): SELECT TABLE_NAME, TABLE_SCHEMA FROM INFORMATION_SCHEMA.TABLES WHERE TABLE_TYPE = 'BASE TABLE' AND TABLE_NAME = N'Products' AND TABLE_SCHEMA = N'dbo'","service":"shoe-store-api","timestamp":"2025-12-30 22:07:28"}
{"level":"debug","message":"Executing (default): EXEC sys.sp_helpindex @objname = N'[Products]';","service":"shoe-store-api","timestamp":"2025-12-30 22:07:28"}
{"level":"debug","message":"Executing (default): SELECT TABLE_NAME, TABLE_SCHEMA FROM INFORMATION_SCHEMA.TABLES WHERE TABLE_TYPE = 'BASE TABLE' AND TABLE_NAME = N'ProductVariants' AND TABLE_SCHEMA = N'dbo'","service":"shoe-store-api","timestamp":"2025-12-30 22:07:28"}
{"level":"debug","message":"Executing (default): EXEC sys.sp_helpindex @objname = N'[ProductVariants]';","service":"shoe-store-api","timestamp":"2025-12-30 22:07:28"}
{"level":"debug","message":"Executing (default): SELECT TABLE_NAME, TABLE_SCHEMA FROM INFORMATION_SCHEMA.TABLES WHERE TABLE_TYPE = 'BASE TABLE' AND TABLE_NAME = N'ProductImages' AND TABLE_SCHEMA = N'dbo'","service":"shoe-store-api","timestamp":"2025-12-30 22:07:28"}
{"level":"debug","message":"Executing (default): EXEC sys.sp_helpindex @objname = N'[ProductImages]';","service":"shoe-store-api","timestamp":"2025-12-30 22:07:28"}
{"level":"debug","message":"Executing (default): SELECT TABLE_NAME, TABLE_SCHEMA FROM INFORMATION_SCHEMA.TABLES WHERE TABLE_TYPE = 'BASE TABLE' AND TABLE_NAME = N'Carts' AND TABLE_SCHEMA = N'dbo'","service":"shoe-store-api","timestamp":"2025-12-30 22:07:28"}
{"level":"debug","message":"Executing (default): EXEC sys.sp_helpindex @objname = N'[Carts]';","service":"shoe-store-api","timestamp":"2025-12-30 22:07:28"}
{"level":"debug","message":"Executing (default): SELECT TABLE_NAME, TABLE_SCHEMA FROM INFORMATION_SCHEMA.TABLES WHERE TABLE_TYPE = 'BASE TABLE' AND TABLE_NAME = N'CartItems' AND TABLE_SCHEMA = N'dbo'","service":"shoe-store-api","timestamp":"2025-12-30 22:07:28"}
{"level":"debug","message":"Executing (default): EXEC sys.sp_helpindex @objname = N'[CartItems]';","service":"shoe-store-api","timestamp":"2025-12-30 22:07:28"}
{"level":"debug","message":"Executing (default): SELECT TABLE_NAME, TABLE_SCHEMA FROM INFORMATION_SCHEMA.TABLES WHERE TABLE_TYPE = 'BASE TABLE' AND TABLE_NAME = N'Orders' AND TABLE_SCHEMA = N'dbo'","service":"shoe-store-api","timestamp":"2025-12-30 22:07:28"}
{"level":"debug","message":"Executing (default): EXEC sys.sp_helpindex @objname = N'[Orders]';","service":"shoe-store-api","timestamp":"2025-12-30 22:07:28"}
{"level":"debug","message":"Executing (default): SELECT TABLE_NAME, TABLE_SCHEMA FROM INFORMATION_SCHEMA.TABLES WHERE TABLE_TYPE = 'BASE TABLE' AND TABLE_NAME = N'OrderItems' AND TABLE_SCHEMA = N'dbo'","service":"shoe-store-api","timestamp":"2025-12-30 22:07:28"}
{"level":"debug","message":"Executing (default): EXEC sys.sp_helpindex @objname = N'[OrderItems]';","service":"shoe-store-api","timestamp":"2025-12-30 22:07:28"}
{"level":"debug","message":"Executing (default): SELECT TABLE_NAME, TABLE_SCHEMA FROM INFORMATION_SCHEMA.TABLES WHERE TABLE_TYPE = 'BASE TABLE' AND TABLE_NAME = N'Reviews' AND TABLE_SCHEMA = N'dbo'","service":"shoe-store-api","timestamp":"2025-12-30 22:07:28"}
{"level":"debug","message":"Executing (default): EXEC sys.sp_helpindex @objname = N'[Reviews]';","service":"shoe-store-api","timestamp":"2025-12-30 22:07:29"}
{"level":"debug","message":"Executing (default): SELECT TABLE_NAME, TABLE_SCHEMA FROM INFORMATION_SCHEMA.TABLES WHERE TABLE_TYPE = 'BASE TABLE' AND TABLE_NAME = N'ChatSessions' AND TABLE_SCHEMA = N'dbo'","service":"shoe-store-api","timestamp":"2025-12-30 22:07:29"}
{"level":"debug","message":"Executing (default): EXEC sys.sp_helpindex @objname = N'[ChatSessions]';","service":"shoe-store-api","timestamp":"2025-12-30 22:07:29"}
{"level":"debug","message":"Executing (default): SELECT TABLE_NAME, TABLE_SCHEMA FROM INFORMATION_SCHEMA.TABLES WHERE TABLE_TYPE = 'BASE TABLE' AND TABLE_NAME = N'ChatMessages' AND TABLE_SCHEMA = N'dbo'","service":"shoe-store-api","timestamp":"2025-12-30 22:07:29"}
{"level":"debug","message":"Executing (default): EXEC sys.sp_helpindex @objname = N'[ChatMessages]';","service":"shoe-store-api","timestamp":"2025-12-30 22:07:29"}
{"level":"debug","message":"Executing (default): SELECT 1+1 AS result","service":"shoe-store-api","timestamp":"2025-12-30 22:20:10"}
{"level":"debug","message":"Executing (default): SELECT TABLE_NAME, TABLE_SCHEMA FROM INFORMATION_SCHEMA.TABLES WHERE TABLE_TYPE = 'BASE TABLE' AND TABLE_NAME = N'Users' AND TABLE_SCHEMA = N'dbo'","service":"shoe-store-api","timestamp":"2025-12-30 22:20:10"}
{"level":"debug","message":"Executing (default): EXEC sys.sp_helpindex @objname = N'[Users]';","service":"shoe-store-api","timestamp":"2025-12-30 22:20:11"}
{"level":"debug","message":"Executing (default): SELECT TABLE_NAME, TABLE_SCHEMA FROM INFORMATION_SCHEMA.TABLES WHERE TABLE_TYPE = 'BASE TABLE' AND TABLE_NAME = N'Categories' AND TABLE_SCHEMA = N'dbo'","service":"shoe-store-api","timestamp":"2025-12-30 22:20:11"}
{"level":"debug","message":"Executing (default): EXEC sys.sp_helpindex @objname = N'[Categories]';","service":"shoe-store-api","timestamp":"2025-12-30 22:20:11"}
{"level":"debug","message":"Executing (default): SELECT TABLE_NAME, TABLE_SCHEMA FROM INFORMATION_SCHEMA.TABLES WHERE TABLE_TYPE = 'BASE TABLE' AND TABLE_NAME = N'Brands' AND TABLE_SCHEMA = N'dbo'","service":"shoe-store-api","timestamp":"2025-12-30 22:20:11"}
{"level":"debug","message":"Executing (default): EXEC sys.sp_helpindex @objname = N'[Brands]';","service":"shoe-store-api","timestamp":"2025-12-30 22:20:11"}
{"level":"debug","message":"Executing (default): SELECT TABLE_NAME, TABLE_SCHEMA FROM INFORMATION_SCHEMA.TABLES WHERE TABLE_TYPE = 'BASE TABLE' AND TABLE_NAME = N'Products' AND TABLE_SCHEMA = N'dbo'","service":"shoe-store-api","timestamp":"2025-12-30 22:20:11"}
{"level":"debug","message":"Executing (default): EXEC sys.sp_helpindex @objname = N'[Products]';","service":"shoe-store-api","timestamp":"2025-12-30 22:20:11"}
{"level":"debug","message":"Executing (default): SELECT TABLE_NAME, TABLE_SCHEMA FROM INFORMATION_SCHEMA.TABLES WHERE TABLE_TYPE = 'BASE TABLE' AND TABLE_NAME = N'ProductVariants' AND TABLE_SCHEMA = N'dbo'","service":"shoe-store-api","timestamp":"2025-12-30 22:20:11"}
{"level":"debug","message":"Executing (default): EXEC sys.sp_helpindex @objname = N'[ProductVariants]';","service":"shoe-store-api","timestamp":"2025-12-30 22:20:11"}
{"level":"debug","message":"Executing (default): SELECT TABLE_NAME, TABLE_SCHEMA FROM INFORMATION_SCHEMA.TABLES WHERE TABLE_TYPE = 'BASE TABLE' AND TABLE_NAME = N'ProductImages' AND TABLE_SCHEMA = N'dbo'","service":"shoe-store-api","timestamp":"2025-12-30 22:20:11"}
{"level":"debug","message":"Executing (default): EXEC sys.sp_helpindex @objname = N'[ProductImages]';","service":"shoe-store-api","timestamp":"2025-12-30 22:20:11"}
{"level":"debug","message":"Executing (default): SELECT TABLE_NAME, TABLE_SCHEMA FROM INFORMATION_SCHEMA.TABLES WHERE TABLE_TYPE = 'BASE TABLE' AND TABLE_NAME = N'Carts' AND TABLE_SCHEMA = N'dbo'","service":"shoe-store-api","timestamp":"2025-12-30 22:20:11"}
{"level":"debug","message":"Executing (default): EXEC sys.sp_helpindex @objname = N'[Carts]';","service":"shoe-store-api","timestamp":"2025-12-30 22:20:11"}
{"level":"debug","message":"Executing (default): SELECT TABLE_NAME, TABLE_SCHEMA FROM INFORMATION_SCHEMA.TABLES WHERE TABLE_TYPE = 'BASE TABLE' AND TABLE_NAME = N'CartItems' AND TABLE_SCHEMA = N'dbo'","service":"shoe-store-api","timestamp":"2025-12-30 22:20:11"}
{"level":"debug","message":"Executing (default): EXEC sys.sp_helpindex @objname = N'[CartItems]';","service":"shoe-store-api","timestamp":"2025-12-30 22:20:11"}
{"level":"debug","message":"Executing (default): SELECT TABLE_NAME, TABLE_SCHEMA FROM INFORMATION_SCHEMA.TABLES WHERE TABLE_TYPE = 'BASE TABLE' AND TABLE_NAME = N'Orders' AND TABLE_SCHEMA = N'dbo'","service":"shoe-store-api","timestamp":"2025-12-30 22:20:11"}
{"level":"debug","message":"Executing (default): EXEC sys.sp_helpindex @objname = N'[Orders]';","service":"shoe-store-api","timestamp":"2025-12-30 22:20:11"}
{"level":"debug","message":"Executing (default): SELECT TABLE_NAME, TABLE_SCHEMA FROM INFORMATION_SCHEMA.TABLES WHERE TABLE_TYPE = 'BASE TABLE' AND TABLE_NAME = N'OrderItems' AND TABLE_SCHEMA = N'dbo'","service":"shoe-store-api","timestamp":"2025-12-30 22:20:11"}
{"level":"debug","message":"Executing (default): EXEC sys.sp_helpindex @objname = N'[OrderItems]';","service":"shoe-store-api","timestamp":"2025-12-30 22:20:11"}
{"level":"debug","message":"Executing (default): SELECT TABLE_NAME, TABLE_SCHEMA FROM INFORMATION_SCHEMA.TABLES WHERE TABLE_TYPE = 'BASE TABLE' AND TABLE_NAME = N'Reviews' AND TABLE_SCHEMA = N'dbo'","service":"shoe-store-api","timestamp":"2025-12-30 22:20:11"}
{"level":"debug","message":"Executing (default): EXEC sys.sp_helpindex @objname = N'[Reviews]';","service":"shoe-store-api","timestamp":"2025-12-30 22:20:11"}
{"level":"debug","message":"Executing (default): SELECT TABLE_NAME, TABLE_SCHEMA FROM INFORMATION_SCHEMA.TABLES WHERE TABLE_TYPE = 'BASE TABLE' AND TABLE_NAME = N'ChatSessions' AND TABLE_SCHEMA = N'dbo'","service":"shoe-store-api","timestamp":"2025-12-30 22:20:11"}
{"level":"debug","message":"Executing (default): EXEC sys.sp_helpindex @objname = N'[ChatSessions]';","service":"shoe-store-api","timestamp":"2025-12-30 22:20:11"}
{"level":"debug","message":"Executing (default): SELECT TABLE_NAME, TABLE_SCHEMA FROM INFORMATION_SCHEMA.TABLES WHERE TABLE_TYPE = 'BASE TABLE' AND TABLE_NAME = N'ChatMessages' AND TABLE_SCHEMA = N'dbo'","service":"shoe-store-api","timestamp":"2025-12-30 22:20:11"}
{"level":"debug","message":"Executing (default): EXEC sys.sp_helpindex @objname = N'[ChatMessages]';","service":"shoe-store-api","timestamp":"2025-12-30 22:20:11"}
{"level":"debug","message":"Executing (default): SELECT 1+1 AS result","service":"shoe-store-api","timestamp":"2025-12-30 22:24:52"}
{"level":"debug","message":"Executing (default): SELECT TABLE_NAME, TABLE_SCHEMA FROM INFORMATION_SCHEMA.TABLES WHERE TABLE_TYPE = 'BASE TABLE' AND TABLE_NAME = N'Users' AND TABLE_SCHEMA = N'dbo'","service":"shoe-store-api","timestamp":"2025-12-30 22:24:52"}
{"level":"debug","message":"Executing (default): EXEC sys.sp_helpindex @objname = N'[Users]';","service":"shoe-store-api","timestamp":"2025-12-30 22:24:53"}
{"level":"debug","message":"Executing (default): SELECT TABLE_NAME, TABLE_SCHEMA FROM INFORMATION_SCHEMA.TABLES WHERE TABLE_TYPE = 'BASE TABLE' AND TABLE_NAME = N'Categories' AND TABLE_SCHEMA = N'dbo'","service":"shoe-store-api","timestamp":"2025-12-30 22:24:53"}
{"level":"debug","message":"Executing (default): EXEC sys.sp_helpindex @objname = N'[Categories]';","service":"shoe-store-api","timestamp":"2025-12-30 22:24:53"}
{"level":"debug","message":"Executing (default): SELECT TABLE_NAME, TABLE_SCHEMA FROM INFORMATION_SCHEMA.TABLES WHERE TABLE_TYPE = 'BASE TABLE' AND TABLE_NAME = N'Brands' AND TABLE_SCHEMA = N'dbo'","service":"shoe-store-api","timestamp":"2025-12-30 22:24:53"}
{"level":"debug","message":"Executing (default): EXEC sys.sp_helpindex @objname = N'[Brands]';","service":"shoe-store-api","timestamp":"2025-12-30 22:24:53"}
{"level":"debug","message":"Executing (default): SELECT TABLE_NAME, TABLE_SCHEMA FROM INFORMATION_SCHEMA.TABLES WHERE TABLE_TYPE = 'BASE TABLE' AND TABLE_NAME = N'Products' AND TABLE_SCHEMA = N'dbo'","service":"shoe-store-api","timestamp":"2025-12-30 22:24:53"}
{"level":"debug","message":"Executing (default): EXEC sys.sp_helpindex @objname = N'[Products]';","service":"shoe-store-api","timestamp":"2025-12-30 22:24:53"}
{"level":"debug","message":"Executing (default): SELECT TABLE_NAME, TABLE_SCHEMA FROM INFORMATION_SCHEMA.TABLES WHERE TABLE_TYPE = 'BASE TABLE' AND TABLE_NAME = N'ProductVariants' AND TABLE_SCHEMA = N'dbo'","service":"shoe-store-api","timestamp":"2025-12-30 22:24:53"}
{"level":"debug","message":"Executing (default): EXEC sys.sp_helpindex @objname = N'[ProductVariants]';","service":"shoe-store-api","timestamp":"2025-12-30 22:24:53"}
{"level":"debug","message":"Executing (default): SELECT TABLE_NAME, TABLE_SCHEMA FROM INFORMATION_SCHEMA.TABLES WHERE TABLE_TYPE = 'BASE TABLE' AND TABLE_NAME = N'ProductImages' AND TABLE_SCHEMA = N'dbo'","service":"shoe-store-api","timestamp":"2025-12-30 22:24:53"}
{"level":"debug","message":"Executing (default): EXEC sys.sp_helpindex @objname = N'[ProductImages]';","service":"shoe-store-api","timestamp":"2025-12-30 22:24:53"}
{"level":"debug","message":"Executing (default): SELECT TABLE_NAME, TABLE_SCHEMA FROM INFORMATION_SCHEMA.TABLES WHERE TABLE_TYPE = 'BASE TABLE' AND TABLE_NAME = N'Carts' AND TABLE_SCHEMA = N'dbo'","service":"shoe-store-api","timestamp":"2025-12-30 22:24:53"}
{"level":"debug","message":"Executing (default): EXEC sys.sp_helpindex @objname = N'[Carts]';","service":"shoe-store-api","timestamp":"2025-12-30 22:24:53"}
{"level":"debug","message":"Executing (default): SELECT TABLE_NAME, TABLE_SCHEMA FROM INFORMATION_SCHEMA.TABLES WHERE TABLE_TYPE = 'BASE TABLE' AND TABLE_NAME = N'CartItems' AND TABLE_SCHEMA = N'dbo'","service":"shoe-store-api","timestamp":"2025-12-30 22:24:53"}
{"level":"debug","message":"Executing (default): EXEC sys.sp_helpindex @objname = N'[CartItems]';","service":"shoe-store-api","timestamp":"2025-12-30 22:24:53"}
{"level":"debug","message":"Executing (default): SELECT TABLE_NAME, TABLE_SCHEMA FROM INFORMATION_SCHEMA.TABLES WHERE TABLE_TYPE = 'BASE TABLE' AND TABLE_NAME = N'Orders' AND TABLE_SCHEMA = N'dbo'","service":"shoe-store-api","timestamp":"2025-12-30 22:24:53"}
{"level":"debug","message":"Executing (default): EXEC sys.sp_helpindex @objname = N'[Orders]';","service":"shoe-store-api","timestamp":"2025-12-30 22:24:53"}
{"level":"debug","message":"Executing (default): SELECT TABLE_NAME, TABLE_SCHEMA FROM INFORMATION_SCHEMA.TABLES WHERE TABLE_TYPE = 'BASE TABLE' AND TABLE_NAME = N'OrderItems' AND TABLE_SCHEMA = N'dbo'","service":"shoe-store-api","timestamp":"2025-12-30 22:24:53"}
{"level":"debug","message":"Executing (default): EXEC sys.sp_helpindex @objname = N'[OrderItems]';","service":"shoe-store-api","timestamp":"2025-12-30 22:24:53"}
{"level":"debug","message":"Executing (default): SELECT TABLE_NAME, TABLE_SCHEMA FROM INFORMATION_SCHEMA.TABLES WHERE TABLE_TYPE = 'BASE TABLE' AND TABLE_NAME = N'Reviews' AND TABLE_SCHEMA = N'dbo'","service":"shoe-store-api","timestamp":"2025-12-30 22:24:53"}
{"level":"debug","message":"Executing (default): EXEC sys.sp_helpindex @objname = N'[Reviews]';","service":"shoe-store-api","timestamp":"2025-12-30 22:24:53"}
{"level":"debug","message":"Executing (default): SELECT TABLE_NAME, TABLE_SCHEMA FROM INFORMATION_SCHEMA.TABLES WHERE TABLE_TYPE = 'BASE TABLE' AND TABLE_NAME = N'ChatSessions' AND TABLE_SCHEMA = N'dbo'","service":"shoe-store-api","timestamp":"2025-12-30 22:24:53"}
{"level":"debug","message":"Executing (default): EXEC sys.sp_helpindex @objname = N'[ChatSessions]';","service":"shoe-store-api","timestamp":"2025-12-30 22:24:53"}
{"level":"debug","message":"Executing (default): SELECT TABLE_NAME, TABLE_SCHEMA FROM INFORMATION_SCHEMA.TABLES WHERE TABLE_TYPE = 'BASE TABLE' AND TABLE_NAME = N'ChatMessages' AND TABLE_SCHEMA = N'dbo'","service":"shoe-store-api","timestamp":"2025-12-30 22:24:53"}
{"level":"debug","message":"Executing (default): EXEC sys.sp_helpindex @objname = N'[ChatMessages]';","service":"shoe-store-api","timestamp":"2025-12-30 22:24:53"}
{"level":"debug","message":"Executing (default): SELECT 1+1 AS result","service":"shoe-store-api","timestamp":"2025-12-30 22:27:57"}
{"level":"debug","message":"Executing (default): SELECT TABLE_NAME, TABLE_SCHEMA FROM INFORMATION_SCHEMA.TABLES WHERE TABLE_TYPE = 'BASE TABLE' AND TABLE_NAME = N'Users' AND TABLE_SCHEMA = N'dbo'","service":"shoe-store-api","timestamp":"2025-12-30 22:27:57"}
{"level":"debug","message":"Executing (default): EXEC sys.sp_helpindex @objname = N'[Users]';","service":"shoe-store-api","timestamp":"2025-12-30 22:27:57"}
{"level":"debug","message":"Executing (default): SELECT TABLE_NAME, TABLE_SCHEMA FROM INFORMATION_SCHEMA.TABLES WHERE TABLE_TYPE = 'BASE TABLE' AND TABLE_NAME = N'Categories' AND TABLE_SCHEMA = N'dbo'","service":"shoe-store-api","timestamp":"2025-12-30 22:27:57"}
{"level":"debug","message":"Executing (default): EXEC sys.sp_helpindex @objname = N'[Categories]';","service":"shoe-store-api","timestamp":"2025-12-30 22:27:57"}
{"level":"debug","message":"Executing (default): SELECT TABLE_NAME, TABLE_SCHEMA FROM INFORMATION_SCHEMA.TABLES WHERE TABLE_TYPE = 'BASE TABLE' AND TABLE_NAME = N'Brands' AND TABLE_SCHEMA = N'dbo'","service":"shoe-store-api","timestamp":"2025-12-30 22:27:57"}
{"level":"debug","message":"Executing (default): EXEC sys.sp_helpindex @objname = N'[Brands]';","service":"shoe-store-api","timestamp":"2025-12-30 22:27:57"}
{"level":"debug","message":"Executing (default): SELECT TABLE_NAME, TABLE_SCHEMA FROM INFORMATION_SCHEMA.TABLES WHERE TABLE_TYPE = 'BASE TABLE' AND TABLE_NAME = N'Products' AND TABLE_SCHEMA = N'dbo'","service":"shoe-store-api","timestamp":"2025-12-30 22:27:57"}
{"level":"debug","message":"Executing (default): EXEC sys.sp_helpindex @objname = N'[Products]';","service":"shoe-store-api","timestamp":"2025-12-30 22:27:57"}
{"level":"debug","message":"Executing (default): SELECT TABLE_NAME, TABLE_SCHEMA FROM INFORMATION_SCHEMA.TABLES WHERE TABLE_TYPE = 'BASE TABLE' AND TABLE_NAME = N'ProductVariants' AND TABLE_SCHEMA = N'dbo'","service":"shoe-store-api","timestamp":"2025-12-30 22:27:57"}
{"level":"debug","message":"Executing (default): EXEC sys.sp_helpindex @objname = N'[ProductVariants]';","service":"shoe-store-api","timestamp":"2025-12-30 22:27:58"}
{"level":"debug","message":"Executing (default): SELECT TABLE_NAME, TABLE_SCHEMA FROM INFORMATION_SCHEMA.TABLES WHERE TABLE_TYPE = 'BASE TABLE' AND TABLE_NAME = N'ProductImages' AND TABLE_SCHEMA = N'dbo'","service":"shoe-store-api","timestamp":"2025-12-30 22:27:58"}
{"level":"debug","message":"Executing (default): EXEC sys.sp_helpindex @objname = N'[ProductImages]';","service":"shoe-store-api","timestamp":"2025-12-30 22:27:58"}
{"level":"debug","message":"Executing (default): SELECT TABLE_NAME, TABLE_SCHEMA FROM INFORMATION_SCHEMA.TABLES WHERE TABLE_TYPE = 'BASE TABLE' AND TABLE_NAME = N'Carts' AND TABLE_SCHEMA = N'dbo'","service":"shoe-store-api","timestamp":"2025-12-30 22:27:58"}
{"level":"debug","message":"Executing (default): EXEC sys.sp_helpindex @objname = N'[Carts]';","service":"shoe-store-api","timestamp":"2025-12-30 22:27:58"}
{"level":"debug","message":"Executing (default): SELECT TABLE_NAME, TABLE_SCHEMA FROM INFORMATION_SCHEMA.TABLES WHERE TABLE_TYPE = 'BASE TABLE' AND TABLE_NAME = N'CartItems' AND TABLE_SCHEMA = N'dbo'","service":"shoe-store-api","timestamp":"2025-12-30 22:27:58"}
{"level":"debug","message":"Executing (default): EXEC sys.sp_helpindex @objname = N'[CartItems]';","service":"shoe-store-api","timestamp":"2025-12-30 22:27:58"}
{"level":"debug","message":"Executing (default): SELECT TABLE_NAME, TABLE_SCHEMA FROM INFORMATION_SCHEMA.TABLES WHERE TABLE_TYPE = 'BASE TABLE' AND TABLE_NAME = N'Orders' AND TABLE_SCHEMA = N'dbo'","service":"shoe-store-api","timestamp":"2025-12-30 22:27:58"}
{"level":"debug","message":"Executing (default): EXEC sys.sp_helpindex @objname = N'[Orders]';","service":"shoe-store-api","timestamp":"2025-12-30 22:27:58"}
{"level":"debug","message":"Executing (default): SELECT TABLE_NAME, TABLE_SCHEMA FROM INFORMATION_SCHEMA.TABLES WHERE TABLE_TYPE = 'BASE TABLE' AND TABLE_NAME = N'OrderItems' AND TABLE_SCHEMA = N'dbo'","service":"shoe-store-api","timestamp":"2025-12-30 22:27:58"}
{"level":"debug","message":"Executing (default): EXEC sys.sp_helpindex @objname = N'[OrderItems]';","service":"shoe-store-api","timestamp":"2025-12-30 22:27:58"}
{"level":"debug","message":"Executing (default): SELECT TABLE_NAME, TABLE_SCHEMA FROM INFORMATION_SCHEMA.TABLES WHERE TABLE_TYPE = 'BASE TABLE' AND TABLE_NAME = N'Reviews' AND TABLE_SCHEMA = N'dbo'","service":"shoe-store-api","timestamp":"2025-12-30 22:27:58"}
{"level":"debug","message":"Executing (default): EXEC sys.sp_helpindex @objname = N'[Reviews]';","service":"shoe-store-api","timestamp":"2025-12-30 22:27:58"}
{"level":"debug","message":"Executing (default): SELECT TABLE_NAME, TABLE_SCHEMA FROM INFORMATION_SCHEMA.TABLES WHERE TABLE_TYPE = 'BASE TABLE' AND TABLE_NAME = N'ChatSessions' AND TABLE_SCHEMA = N'dbo'","service":"shoe-store-api","timestamp":"2025-12-30 22:27:58"}
{"level":"debug","message":"Executing (default): EXEC sys.sp_helpindex @objname = N'[ChatSessions]';","service":"shoe-store-api","timestamp":"2025-12-30 22:27:58"}
{"level":"debug","message":"Executing (default): SELECT TABLE_NAME, TABLE_SCHEMA FROM INFORMATION_SCHEMA.TABLES WHERE TABLE_TYPE = 'BASE TABLE' AND TABLE_NAME = N'ChatMessages' AND TABLE_SCHEMA = N'dbo'","service":"shoe-store-api","timestamp":"2025-12-30 22:27:58"}
{"level":"debug","message":"Executing (default): EXEC sys.sp_helpindex @objname = N'[ChatMessages]';","service":"shoe-store-api","timestamp":"2025-12-30 22:27:58"}
